system          > 
system          > ConTeXt  ver: 2023.05.05 18:36 LMTX  fmt: 2023.7.20  int: english/english
system          > 
system          > 'cont-new.mkxl' loaded
open source     > level 1, order 1, name '/usr/local/texlive/2023basic/texmf-dist/tex/context/base/mkxl/cont-new.mkxl'
system          > beware: some patches loaded from cont-new.mkiv
close source    > level 1, order 1, name '/usr/local/texlive/2023basic/texmf-dist/tex/context/base/mkxl/cont-new.mkxl'
system          > files > jobname './calendar', input './calendar.tex', result './calendar'
fonts           > latin modern fonts are not preloaded
languages       > language 'en' is active
open source     > level 1, order 2, name './calendar.tex'
open source     > level 2, order 3, name 'env.tex'
modules         > 'zhfonts' is loaded
open source     > level 3, order 4, name 't-zhfonts.mkiv'
loading         > ConTeXt User Module / zhfonts
resolvers       > lua > loading file 't-zhfonts.lua' succeeded
close source    > level 3, order 4, name 't-zhfonts.mkiv'
modules         > 'vtypeset' is loaded
open source     > level 3, order 5, name 't-vtypeset.mkiv'
close source    > level 3, order 5, name 't-vtypeset.mkiv'
close source    > level 2, order 5, name 'env.tex'
modules         > 'zhpunc' is not found
fonts           > defining > font 'SourceHanSerifSC-VF', feature 'locl', script 'hang', no language 'dflt'
fonts           > defining > font 'SourceHanSerifSC-VF', feature 'locl', script 'kana', no language 'dflt'
fonts           > defining > font 'SourceHanSerifSC-VF', feature 'locl', script 'hani', no language 'dflt'
mathematics     > tweak > 'LatinModernMath-Regular', size 5, math size 3, version 'Version 1.959' found, version 'Version 1.958' expected
open source     > level 2, order 6, name 'days.tex'
structure       > sectioning > title @ level 2 : 0.0 -> \date [d=1,m=1,y=2024][year:cn-a,年,month:cn,day:cn,日,,weekday]
fonts           > defining > font 'SourceHanSerifSC-VF', feature 'locl', script 'hang', no language 'dflt'
fonts           > defining > font 'SourceHanSerifSC-VF', feature 'locl', script 'kana', no language 'dflt'
fonts           > defining > font 'SourceHanSerifSC-VF', feature 'locl', script 'hani', no language 'dflt'
fonts           > defining > font 'SourceHanSerifSC-VF', feature 'locl', script 'hang', no language 'dflt'
fonts           > defining > font 'SourceHanSerifSC-VF', feature 'locl', script 'kana', no language 'dflt'
fonts           > defining > font 'SourceHanSerifSC-VF', feature 'locl', script 'hani', no language 'dflt'
fonts           > defining > font 'SourceHanSerifSC-VF', feature 'locl', script 'hang', no language 'dflt'
fonts           > defining > font 'SourceHanSerifSC-VF', feature 'locl', script 'kana', no language 'dflt'
fonts           > defining > font 'SourceHanSerifSC-VF', feature 'locl', script 'hani', no language 'dflt'
backend         > xmp > using file '/usr/local/texlive/2023basic/texmf-dist/tex/context/base/mkiv/lpdf-pdx.xml'
pages           > flushing realpage 1, userpage 1, subpage 1
structure       > sectioning > title @ level 2 : 0.0 -> \date [d=2,m=1,y=2024][year:cn-a,年,month:cn,day:cn,日,,weekday]
pages           > flushing realpage 2, userpage 2, subpage 2
structure       > sectioning > title @ level 2 : 0.0 -> \date [d=3,m=1,y=2024][year:cn-a,年,month:cn,day:cn,日,,weekday]
pages           > flushing realpage 3, userpage 3, subpage 3
structure       > sectioning > title @ level 2 : 0.0 -> \date [d=4,m=1,y=2024][year:cn-a,年,month:cn,day:cn,日,,weekday]
pages           > flushing realpage 4, userpage 4, subpage 4
structure       > sectioning > title @ level 2 : 0.0 -> \date [d=5,m=1,y=2024][year:cn-a,年,month:cn,day:cn,日,,weekday]
pages           > flushing realpage 5, userpage 5, subpage 5
structure       > sectioning > title @ level 2 : 0.0 -> \date [d=6,m=1,y=2024][year:cn-a,年,month:cn,day:cn,日,,weekday]
pages           > flushing realpage 6, userpage 6, subpage 6
structure       > sectioning > title @ level 2 : 0.0 -> \date [d=7,m=1,y=2024][year:cn-a,年,month:cn,day:cn,日,,weekday]
pages           > flushing realpage 7, userpage 7, subpage 7
structure       > sectioning > title @ level 2 : 0.0 -> \date [d=8,m=1,y=2024][year:cn-a,年,month:cn,day:cn,日,,weekday]
pages           > flushing realpage 8, userpage 8, subpage 8
structure       > sectioning > title @ level 2 : 0.0 -> \date [d=9,m=1,y=2024][year:cn-a,年,month:cn,day:cn,日,,weekday]
pages           > flushing realpage 9, userpage 9, subpage 9
structure       > sectioning > title @ level 2 : 0.0 -> \date [d=10,m=1,y=2024][year:cn-a,年,month:cn,day:cn,日,,weekday]
pages           > flushing realpage 10, userpage 10, subpage 10
structure       > sectioning > title @ level 2 : 0.0 -> \date [d=11,m=1,y=2024][year:cn-a,年,month:cn,day:cn,日,,weekday]
pages           > flushing realpage 11, userpage 11, subpage 11
structure       > sectioning > title @ level 2 : 0.0 -> \date [d=12,m=1,y=2024][year:cn-a,年,month:cn,day:cn,日,,weekday]
pages           > flushing realpage 12, userpage 12, subpage 12
structure       > sectioning > title @ level 2 : 0.0 -> \date [d=13,m=1,y=2024][year:cn-a,年,month:cn,day:cn,日,,weekday]
pages           > flushing realpage 13, userpage 13, subpage 13
structure       > sectioning > title @ level 2 : 0.0 -> \date [d=14,m=1,y=2024][year:cn-a,年,month:cn,day:cn,日,,weekday]
pages           > flushing realpage 14, userpage 14, subpage 14
structure       > sectioning > title @ level 2 : 0.0 -> \date [d=15,m=1,y=2024][year:cn-a,年,month:cn,day:cn,日,,weekday]
pages           > flushing realpage 15, userpage 15, subpage 15
structure       > sectioning > title @ level 2 : 0.0 -> \date [d=16,m=1,y=2024][year:cn-a,年,month:cn,day:cn,日,,weekday]
pages           > flushing realpage 16, userpage 16, subpage 16
structure       > sectioning > title @ level 2 : 0.0 -> \date [d=17,m=1,y=2024][year:cn-a,年,month:cn,day:cn,日,,weekday]
pages           > flushing realpage 17, userpage 17, subpage 17
structure       > sectioning > title @ level 2 : 0.0 -> \date [d=18,m=1,y=2024][year:cn-a,年,month:cn,day:cn,日,,weekday]
pages           > flushing realpage 18, userpage 18, subpage 18
structure       > sectioning > title @ level 2 : 0.0 -> \date [d=19,m=1,y=2024][year:cn-a,年,month:cn,day:cn,日,,weekday]
pages           > flushing realpage 19, userpage 19, subpage 19
structure       > sectioning > title @ level 2 : 0.0 -> \date [d=20,m=1,y=2024][year:cn-a,年,month:cn,day:cn,日,,weekday]
pages           > flushing realpage 20, userpage 20, subpage 20
structure       > sectioning > title @ level 2 : 0.0 -> \date [d=21,m=1,y=2024][year:cn-a,年,month:cn,day:cn,日,,weekday]
pages           > flushing realpage 21, userpage 21, subpage 21
structure       > sectioning > title @ level 2 : 0.0 -> \date [d=22,m=1,y=2024][year:cn-a,年,month:cn,day:cn,日,,weekday]
pages           > flushing realpage 22, userpage 22, subpage 22
structure       > sectioning > title @ level 2 : 0.0 -> \date [d=23,m=1,y=2024][year:cn-a,年,month:cn,day:cn,日,,weekday]
pages           > flushing realpage 23, userpage 23, subpage 23
structure       > sectioning > title @ level 2 : 0.0 -> \date [d=24,m=1,y=2024][year:cn-a,年,month:cn,day:cn,日,,weekday]
pages           > flushing realpage 24, userpage 24, subpage 24
structure       > sectioning > title @ level 2 : 0.0 -> \date [d=25,m=1,y=2024][year:cn-a,年,month:cn,day:cn,日,,weekday]
pages           > flushing realpage 25, userpage 25, subpage 25
structure       > sectioning > title @ level 2 : 0.0 -> \date [d=26,m=1,y=2024][year:cn-a,年,month:cn,day:cn,日,,weekday]
pages           > flushing realpage 26, userpage 26, subpage 26
structure       > sectioning > title @ level 2 : 0.0 -> \date [d=27,m=1,y=2024][year:cn-a,年,month:cn,day:cn,日,,weekday]
pages           > flushing realpage 27, userpage 27, subpage 27
structure       > sectioning > title @ level 2 : 0.0 -> \date [d=28,m=1,y=2024][year:cn-a,年,month:cn,day:cn,日,,weekday]
pages           > flushing realpage 28, userpage 28, subpage 28
structure       > sectioning > title @ level 2 : 0.0 -> \date [d=29,m=1,y=2024][year:cn-a,年,month:cn,day:cn,日,,weekday]
pages           > flushing realpage 29, userpage 29, subpage 29
structure       > sectioning > title @ level 2 : 0.0 -> \date [d=30,m=1,y=2024][year:cn-a,年,month:cn,day:cn,日,,weekday]
pages           > flushing realpage 30, userpage 30, subpage 30
structure       > sectioning > title @ level 2 : 0.0 -> \date [d=31,m=1,y=2024][year:cn-a,年,month:cn,day:cn,日,,weekday]
pages           > flushing realpage 31, userpage 31, subpage 31
structure       > sectioning > title @ level 2 : 0.0 -> \date [d=1,m=2,y=2024][year:cn-a,年,month:cn,day:cn,日,,weekday]
pages           > flushing realpage 32, userpage 32, subpage 32
structure       > sectioning > title @ level 2 : 0.0 -> \date [d=2,m=2,y=2024][year:cn-a,年,month:cn,day:cn,日,,weekday]
pages           > flushing realpage 33, userpage 33, subpage 33
structure       > sectioning > title @ level 2 : 0.0 -> \date [d=3,m=2,y=2024][year:cn-a,年,month:cn,day:cn,日,,weekday]
pages           > flushing realpage 34, userpage 34, subpage 34
structure       > sectioning > title @ level 2 : 0.0 -> \date [d=4,m=2,y=2024][year:cn-a,年,month:cn,day:cn,日,,weekday]
pages           > flushing realpage 35, userpage 35, subpage 35
structure       > sectioning > title @ level 2 : 0.0 -> \date [d=5,m=2,y=2024][year:cn-a,年,month:cn,day:cn,日,,weekday]
pages           > flushing realpage 36, userpage 36, subpage 36
structure       > sectioning > title @ level 2 : 0.0 -> \date [d=6,m=2,y=2024][year:cn-a,年,month:cn,day:cn,日,,weekday]
pages           > flushing realpage 37, userpage 37, subpage 37
structure       > sectioning > title @ level 2 : 0.0 -> \date [d=7,m=2,y=2024][year:cn-a,年,month:cn,day:cn,日,,weekday]
pages           > flushing realpage 38, userpage 38, subpage 38
structure       > sectioning > title @ level 2 : 0.0 -> \date [d=8,m=2,y=2024][year:cn-a,年,month:cn,day:cn,日,,weekday]
pages           > flushing realpage 39, userpage 39, subpage 39
structure       > sectioning > title @ level 2 : 0.0 -> \date [d=9,m=2,y=2024][year:cn-a,年,month:cn,day:cn,日,,weekday]
pages           > flushing realpage 40, userpage 40, subpage 40
structure       > sectioning > title @ level 2 : 0.0 -> \date [d=10,m=2,y=2024][year:cn-a,年,month:cn,day:cn,日,,weekday]
pages           > flushing realpage 41, userpage 41, subpage 41
structure       > sectioning > title @ level 2 : 0.0 -> \date [d=11,m=2,y=2024][year:cn-a,年,month:cn,day:cn,日,,weekday]
pages           > flushing realpage 42, userpage 42, subpage 42
structure       > sectioning > title @ level 2 : 0.0 -> \date [d=12,m=2,y=2024][year:cn-a,年,month:cn,day:cn,日,,weekday]
pages           > flushing realpage 43, userpage 43, subpage 43
structure       > sectioning > title @ level 2 : 0.0 -> \date [d=13,m=2,y=2024][year:cn-a,年,month:cn,day:cn,日,,weekday]
pages           > flushing realpage 44, userpage 44, subpage 44
structure       > sectioning > title @ level 2 : 0.0 -> \date [d=14,m=2,y=2024][year:cn-a,年,month:cn,day:cn,日,,weekday]
pages           > flushing realpage 45, userpage 45, subpage 45
structure       > sectioning > title @ level 2 : 0.0 -> \date [d=15,m=2,y=2024][year:cn-a,年,month:cn,day:cn,日,,weekday]
pages           > flushing realpage 46, userpage 46, subpage 46
structure       > sectioning > title @ level 2 : 0.0 -> \date [d=16,m=2,y=2024][year:cn-a,年,month:cn,day:cn,日,,weekday]
pages           > flushing realpage 47, userpage 47, subpage 47
structure       > sectioning > title @ level 2 : 0.0 -> \date [d=17,m=2,y=2024][year:cn-a,年,month:cn,day:cn,日,,weekday]
pages           > flushing realpage 48, userpage 48, subpage 48
structure       > sectioning > title @ level 2 : 0.0 -> \date [d=18,m=2,y=2024][year:cn-a,年,month:cn,day:cn,日,,weekday]
pages           > flushing realpage 49, userpage 49, subpage 49
structure       > sectioning > title @ level 2 : 0.0 -> \date [d=19,m=2,y=2024][year:cn-a,年,month:cn,day:cn,日,,weekday]
pages           > flushing realpage 50, userpage 50, subpage 50
structure       > sectioning > title @ level 2 : 0.0 -> \date [d=20,m=2,y=2024][year:cn-a,年,month:cn,day:cn,日,,weekday]
pages           > flushing realpage 51, userpage 51, subpage 51
structure       > sectioning > title @ level 2 : 0.0 -> \date [d=21,m=2,y=2024][year:cn-a,年,month:cn,day:cn,日,,weekday]
pages           > flushing realpage 52, userpage 52, subpage 52
structure       > sectioning > title @ level 2 : 0.0 -> \date [d=22,m=2,y=2024][year:cn-a,年,month:cn,day:cn,日,,weekday]
pages           > flushing realpage 53, userpage 53, subpage 53
structure       > sectioning > title @ level 2 : 0.0 -> \date [d=23,m=2,y=2024][year:cn-a,年,month:cn,day:cn,日,,weekday]
pages           > flushing realpage 54, userpage 54, subpage 54
structure       > sectioning > title @ level 2 : 0.0 -> \date [d=24,m=2,y=2024][year:cn-a,年,month:cn,day:cn,日,,weekday]
pages           > flushing realpage 55, userpage 55, subpage 55
structure       > sectioning > title @ level 2 : 0.0 -> \date [d=25,m=2,y=2024][year:cn-a,年,month:cn,day:cn,日,,weekday]
pages           > flushing realpage 56, userpage 56, subpage 56
structure       > sectioning > title @ level 2 : 0.0 -> \date [d=26,m=2,y=2024][year:cn-a,年,month:cn,day:cn,日,,weekday]
pages           > flushing realpage 57, userpage 57, subpage 57
structure       > sectioning > title @ level 2 : 0.0 -> \date [d=27,m=2,y=2024][year:cn-a,年,month:cn,day:cn,日,,weekday]
pages           > flushing realpage 58, userpage 58, subpage 58
structure       > sectioning > title @ level 2 : 0.0 -> \date [d=28,m=2,y=2024][year:cn-a,年,month:cn,day:cn,日,,weekday]
pages           > flushing realpage 59, userpage 59, subpage 59
structure       > sectioning > title @ level 2 : 0.0 -> \date [d=29,m=2,y=2024][year:cn-a,年,month:cn,day:cn,日,,weekday]
pages           > flushing realpage 60, userpage 60, subpage 60
structure       > sectioning > title @ level 2 : 0.0 -> \date [d=1,m=3,y=2024][year:cn-a,年,month:cn,day:cn,日,,weekday]
pages           > flushing realpage 61, userpage 61, subpage 61
structure       > sectioning > title @ level 2 : 0.0 -> \date [d=2,m=3,y=2024][year:cn-a,年,month:cn,day:cn,日,,weekday]
pages           > flushing realpage 62, userpage 62, subpage 62
structure       > sectioning > title @ level 2 : 0.0 -> \date [d=3,m=3,y=2024][year:cn-a,年,month:cn,day:cn,日,,weekday]
pages           > flushing realpage 63, userpage 63, subpage 63
structure       > sectioning > title @ level 2 : 0.0 -> \date [d=4,m=3,y=2024][year:cn-a,年,month:cn,day:cn,日,,weekday]
pages           > flushing realpage 64, userpage 64, subpage 64
structure       > sectioning > title @ level 2 : 0.0 -> \date [d=5,m=3,y=2024][year:cn-a,年,month:cn,day:cn,日,,weekday]
pages           > flushing realpage 65, userpage 65, subpage 65
structure       > sectioning > title @ level 2 : 0.0 -> \date [d=6,m=3,y=2024][year:cn-a,年,month:cn,day:cn,日,,weekday]
pages           > flushing realpage 66, userpage 66, subpage 66
structure       > sectioning > title @ level 2 : 0.0 -> \date [d=7,m=3,y=2024][year:cn-a,年,month:cn,day:cn,日,,weekday]
pages           > flushing realpage 67, userpage 67, subpage 67
structure       > sectioning > title @ level 2 : 0.0 -> \date [d=8,m=3,y=2024][year:cn-a,年,month:cn,day:cn,日,,weekday]
pages           > flushing realpage 68, userpage 68, subpage 68
structure       > sectioning > title @ level 2 : 0.0 -> \date [d=9,m=3,y=2024][year:cn-a,年,month:cn,day:cn,日,,weekday]
pages           > flushing realpage 69, userpage 69, subpage 69
structure       > sectioning > title @ level 2 : 0.0 -> \date [d=10,m=3,y=2024][year:cn-a,年,month:cn,day:cn,日,,weekday]
pages           > flushing realpage 70, userpage 70, subpage 70
structure       > sectioning > title @ level 2 : 0.0 -> \date [d=11,m=3,y=2024][year:cn-a,年,month:cn,day:cn,日,,weekday]
pages           > flushing realpage 71, userpage 71, subpage 71
structure       > sectioning > title @ level 2 : 0.0 -> \date [d=12,m=3,y=2024][year:cn-a,年,month:cn,day:cn,日,,weekday]
pages           > flushing realpage 72, userpage 72, subpage 72
structure       > sectioning > title @ level 2 : 0.0 -> \date [d=13,m=3,y=2024][year:cn-a,年,month:cn,day:cn,日,,weekday]
pages           > flushing realpage 73, userpage 73, subpage 73
structure       > sectioning > title @ level 2 : 0.0 -> \date [d=14,m=3,y=2024][year:cn-a,年,month:cn,day:cn,日,,weekday]
pages           > flushing realpage 74, userpage 74, subpage 74
structure       > sectioning > title @ level 2 : 0.0 -> \date [d=15,m=3,y=2024][year:cn-a,年,month:cn,day:cn,日,,weekday]
pages           > flushing realpage 75, userpage 75, subpage 75
structure       > sectioning > title @ level 2 : 0.0 -> \date [d=16,m=3,y=2024][year:cn-a,年,month:cn,day:cn,日,,weekday]
pages           > flushing realpage 76, userpage 76, subpage 76
structure       > sectioning > title @ level 2 : 0.0 -> \date [d=17,m=3,y=2024][year:cn-a,年,month:cn,day:cn,日,,weekday]
pages           > flushing realpage 77, userpage 77, subpage 77
structure       > sectioning > title @ level 2 : 0.0 -> \date [d=18,m=3,y=2024][year:cn-a,年,month:cn,day:cn,日,,weekday]
pages           > flushing realpage 78, userpage 78, subpage 78
structure       > sectioning > title @ level 2 : 0.0 -> \date [d=19,m=3,y=2024][year:cn-a,年,month:cn,day:cn,日,,weekday]
pages           > flushing realpage 79, userpage 79, subpage 79
structure       > sectioning > title @ level 2 : 0.0 -> \date [d=20,m=3,y=2024][year:cn-a,年,month:cn,day:cn,日,,weekday]
pages           > flushing realpage 80, userpage 80, subpage 80
structure       > sectioning > title @ level 2 : 0.0 -> \date [d=21,m=3,y=2024][year:cn-a,年,month:cn,day:cn,日,,weekday]
pages           > flushing realpage 81, userpage 81, subpage 81
structure       > sectioning > title @ level 2 : 0.0 -> \date [d=22,m=3,y=2024][year:cn-a,年,month:cn,day:cn,日,,weekday]
pages           > flushing realpage 82, userpage 82, subpage 82
structure       > sectioning > title @ level 2 : 0.0 -> \date [d=23,m=3,y=2024][year:cn-a,年,month:cn,day:cn,日,,weekday]
pages           > flushing realpage 83, userpage 83, subpage 83
structure       > sectioning > title @ level 2 : 0.0 -> \date [d=24,m=3,y=2024][year:cn-a,年,month:cn,day:cn,日,,weekday]
pages           > flushing realpage 84, userpage 84, subpage 84
structure       > sectioning > title @ level 2 : 0.0 -> \date [d=25,m=3,y=2024][year:cn-a,年,month:cn,day:cn,日,,weekday]
pages           > flushing realpage 85, userpage 85, subpage 85
structure       > sectioning > title @ level 2 : 0.0 -> \date [d=26,m=3,y=2024][year:cn-a,年,month:cn,day:cn,日,,weekday]
pages           > flushing realpage 86, userpage 86, subpage 86
structure       > sectioning > title @ level 2 : 0.0 -> \date [d=27,m=3,y=2024][year:cn-a,年,month:cn,day:cn,日,,weekday]
pages           > flushing realpage 87, userpage 87, subpage 87
structure       > sectioning > title @ level 2 : 0.0 -> \date [d=28,m=3,y=2024][year:cn-a,年,month:cn,day:cn,日,,weekday]
pages           > flushing realpage 88, userpage 88, subpage 88
structure       > sectioning > title @ level 2 : 0.0 -> \date [d=29,m=3,y=2024][year:cn-a,年,month:cn,day:cn,日,,weekday]
pages           > flushing realpage 89, userpage 89, subpage 89
structure       > sectioning > title @ level 2 : 0.0 -> \date [d=30,m=3,y=2024][year:cn-a,年,month:cn,day:cn,日,,weekday]
pages           > flushing realpage 90, userpage 90, subpage 90
structure       > sectioning > title @ level 2 : 0.0 -> \date [d=31,m=3,y=2024][year:cn-a,年,month:cn,day:cn,日,,weekday]
pages           > flushing realpage 91, userpage 91, subpage 91
structure       > sectioning > title @ level 2 : 0.0 -> \date [d=1,m=4,y=2024][year:cn-a,年,month:cn,day:cn,日,,weekday]
pages           > flushing realpage 92, userpage 92, subpage 92
structure       > sectioning > title @ level 2 : 0.0 -> \date [d=2,m=4,y=2024][year:cn-a,年,month:cn,day:cn,日,,weekday]
pages           > flushing realpage 93, userpage 93, subpage 93
structure       > sectioning > title @ level 2 : 0.0 -> \date [d=3,m=4,y=2024][year:cn-a,年,month:cn,day:cn,日,,weekday]
pages           > flushing realpage 94, userpage 94, subpage 94
structure       > sectioning > title @ level 2 : 0.0 -> \date [d=4,m=4,y=2024][year:cn-a,年,month:cn,day:cn,日,,weekday]
pages           > flushing realpage 95, userpage 95, subpage 95
structure       > sectioning > title @ level 2 : 0.0 -> \date [d=5,m=4,y=2024][year:cn-a,年,month:cn,day:cn,日,,weekday]
pages           > flushing realpage 96, userpage 96, subpage 96
structure       > sectioning > title @ level 2 : 0.0 -> \date [d=6,m=4,y=2024][year:cn-a,年,month:cn,day:cn,日,,weekday]
pages           > flushing realpage 97, userpage 97, subpage 97
structure       > sectioning > title @ level 2 : 0.0 -> \date [d=7,m=4,y=2024][year:cn-a,年,month:cn,day:cn,日,,weekday]
pages           > flushing realpage 98, userpage 98, subpage 98
structure       > sectioning > title @ level 2 : 0.0 -> \date [d=8,m=4,y=2024][year:cn-a,年,month:cn,day:cn,日,,weekday]
pages           > flushing realpage 99, userpage 99, subpage 99
structure       > sectioning > title @ level 2 : 0.0 -> \date [d=9,m=4,y=2024][year:cn-a,年,month:cn,day:cn,日,,weekday]
pages           > flushing realpage 100, userpage 100, subpage 100
structure       > sectioning > title @ level 2 : 0.0 -> \date [d=10,m=4,y=2024][year:cn-a,年,month:cn,day:cn,日,,weekday]
pages           > flushing realpage 101, userpage 101, subpage 101
structure       > sectioning > title @ level 2 : 0.0 -> \date [d=11,m=4,y=2024][year:cn-a,年,month:cn,day:cn,日,,weekday]
pages           > flushing realpage 102, userpage 102, subpage 102
structure       > sectioning > title @ level 2 : 0.0 -> \date [d=12,m=4,y=2024][year:cn-a,年,month:cn,day:cn,日,,weekday]
pages           > flushing realpage 103, userpage 103, subpage 103
structure       > sectioning > title @ level 2 : 0.0 -> \date [d=13,m=4,y=2024][year:cn-a,年,month:cn,day:cn,日,,weekday]
pages           > flushing realpage 104, userpage 104, subpage 104
structure       > sectioning > title @ level 2 : 0.0 -> \date [d=14,m=4,y=2024][year:cn-a,年,month:cn,day:cn,日,,weekday]
pages           > flushing realpage 105, userpage 105, subpage 105
structure       > sectioning > title @ level 2 : 0.0 -> \date [d=15,m=4,y=2024][year:cn-a,年,month:cn,day:cn,日,,weekday]
pages           > flushing realpage 106, userpage 106, subpage 106
structure       > sectioning > title @ level 2 : 0.0 -> \date [d=16,m=4,y=2024][year:cn-a,年,month:cn,day:cn,日,,weekday]
pages           > flushing realpage 107, userpage 107, subpage 107
structure       > sectioning > title @ level 2 : 0.0 -> \date [d=17,m=4,y=2024][year:cn-a,年,month:cn,day:cn,日,,weekday]
pages           > flushing realpage 108, userpage 108, subpage 108
structure       > sectioning > title @ level 2 : 0.0 -> \date [d=18,m=4,y=2024][year:cn-a,年,month:cn,day:cn,日,,weekday]
pages           > flushing realpage 109, userpage 109, subpage 109
structure       > sectioning > title @ level 2 : 0.0 -> \date [d=19,m=4,y=2024][year:cn-a,年,month:cn,day:cn,日,,weekday]
pages           > flushing realpage 110, userpage 110, subpage 110
structure       > sectioning > title @ level 2 : 0.0 -> \date [d=20,m=4,y=2024][year:cn-a,年,month:cn,day:cn,日,,weekday]
pages           > flushing realpage 111, userpage 111, subpage 111
structure       > sectioning > title @ level 2 : 0.0 -> \date [d=21,m=4,y=2024][year:cn-a,年,month:cn,day:cn,日,,weekday]
pages           > flushing realpage 112, userpage 112, subpage 112
structure       > sectioning > title @ level 2 : 0.0 -> \date [d=22,m=4,y=2024][year:cn-a,年,month:cn,day:cn,日,,weekday]
pages           > flushing realpage 113, userpage 113, subpage 113
structure       > sectioning > title @ level 2 : 0.0 -> \date [d=23,m=4,y=2024][year:cn-a,年,month:cn,day:cn,日,,weekday]
pages           > flushing realpage 114, userpage 114, subpage 114
structure       > sectioning > title @ level 2 : 0.0 -> \date [d=24,m=4,y=2024][year:cn-a,年,month:cn,day:cn,日,,weekday]
pages           > flushing realpage 115, userpage 115, subpage 115
structure       > sectioning > title @ level 2 : 0.0 -> \date [d=25,m=4,y=2024][year:cn-a,年,month:cn,day:cn,日,,weekday]
pages           > flushing realpage 116, userpage 116, subpage 116
structure       > sectioning > title @ level 2 : 0.0 -> \date [d=26,m=4,y=2024][year:cn-a,年,month:cn,day:cn,日,,weekday]
pages           > flushing realpage 117, userpage 117, subpage 117
structure       > sectioning > title @ level 2 : 0.0 -> \date [d=27,m=4,y=2024][year:cn-a,年,month:cn,day:cn,日,,weekday]
pages           > flushing realpage 118, userpage 118, subpage 118
structure       > sectioning > title @ level 2 : 0.0 -> \date [d=28,m=4,y=2024][year:cn-a,年,month:cn,day:cn,日,,weekday]
pages           > flushing realpage 119, userpage 119, subpage 119
structure       > sectioning > title @ level 2 : 0.0 -> \date [d=29,m=4,y=2024][year:cn-a,年,month:cn,day:cn,日,,weekday]
pages           > flushing realpage 120, userpage 120, subpage 120
structure       > sectioning > title @ level 2 : 0.0 -> \date [d=30,m=4,y=2024][year:cn-a,年,month:cn,day:cn,日,,weekday]
pages           > flushing realpage 121, userpage 121, subpage 121
structure       > sectioning > title @ level 2 : 0.0 -> \date [d=1,m=5,y=2024][year:cn-a,年,month:cn,day:cn,日,,weekday]
pages           > flushing realpage 122, userpage 122, subpage 122
structure       > sectioning > title @ level 2 : 0.0 -> \date [d=2,m=5,y=2024][year:cn-a,年,month:cn,day:cn,日,,weekday]
pages           > flushing realpage 123, userpage 123, subpage 123
structure       > sectioning > title @ level 2 : 0.0 -> \date [d=3,m=5,y=2024][year:cn-a,年,month:cn,day:cn,日,,weekday]
pages           > flushing realpage 124, userpage 124, subpage 124
structure       > sectioning > title @ level 2 : 0.0 -> \date [d=4,m=5,y=2024][year:cn-a,年,month:cn,day:cn,日,,weekday]
pages           > flushing realpage 125, userpage 125, subpage 125
structure       > sectioning > title @ level 2 : 0.0 -> \date [d=5,m=5,y=2024][year:cn-a,年,month:cn,day:cn,日,,weekday]
pages           > flushing realpage 126, userpage 126, subpage 126
structure       > sectioning > title @ level 2 : 0.0 -> \date [d=6,m=5,y=2024][year:cn-a,年,month:cn,day:cn,日,,weekday]
pages           > flushing realpage 127, userpage 127, subpage 127
structure       > sectioning > title @ level 2 : 0.0 -> \date [d=7,m=5,y=2024][year:cn-a,年,month:cn,day:cn,日,,weekday]
pages           > flushing realpage 128, userpage 128, subpage 128
structure       > sectioning > title @ level 2 : 0.0 -> \date [d=8,m=5,y=2024][year:cn-a,年,month:cn,day:cn,日,,weekday]
pages           > flushing realpage 129, userpage 129, subpage 129
structure       > sectioning > title @ level 2 : 0.0 -> \date [d=9,m=5,y=2024][year:cn-a,年,month:cn,day:cn,日,,weekday]
pages           > flushing realpage 130, userpage 130, subpage 130
structure       > sectioning > title @ level 2 : 0.0 -> \date [d=10,m=5,y=2024][year:cn-a,年,month:cn,day:cn,日,,weekday]
pages           > flushing realpage 131, userpage 131, subpage 131
structure       > sectioning > title @ level 2 : 0.0 -> \date [d=11,m=5,y=2024][year:cn-a,年,month:cn,day:cn,日,,weekday]
pages           > flushing realpage 132, userpage 132, subpage 132
structure       > sectioning > title @ level 2 : 0.0 -> \date [d=12,m=5,y=2024][year:cn-a,年,month:cn,day:cn,日,,weekday]
pages           > flushing realpage 133, userpage 133, subpage 133
structure       > sectioning > title @ level 2 : 0.0 -> \date [d=13,m=5,y=2024][year:cn-a,年,month:cn,day:cn,日,,weekday]
pages           > flushing realpage 134, userpage 134, subpage 134
structure       > sectioning > title @ level 2 : 0.0 -> \date [d=14,m=5,y=2024][year:cn-a,年,month:cn,day:cn,日,,weekday]
pages           > flushing realpage 135, userpage 135, subpage 135
structure       > sectioning > title @ level 2 : 0.0 -> \date [d=15,m=5,y=2024][year:cn-a,年,month:cn,day:cn,日,,weekday]
pages           > flushing realpage 136, userpage 136, subpage 136
structure       > sectioning > title @ level 2 : 0.0 -> \date [d=16,m=5,y=2024][year:cn-a,年,month:cn,day:cn,日,,weekday]
pages           > flushing realpage 137, userpage 137, subpage 137
structure       > sectioning > title @ level 2 : 0.0 -> \date [d=17,m=5,y=2024][year:cn-a,年,month:cn,day:cn,日,,weekday]
pages           > flushing realpage 138, userpage 138, subpage 138
structure       > sectioning > title @ level 2 : 0.0 -> \date [d=18,m=5,y=2024][year:cn-a,年,month:cn,day:cn,日,,weekday]
pages           > flushing realpage 139, userpage 139, subpage 139
structure       > sectioning > title @ level 2 : 0.0 -> \date [d=19,m=5,y=2024][year:cn-a,年,month:cn,day:cn,日,,weekday]
pages           > flushing realpage 140, userpage 140, subpage 140
structure       > sectioning > title @ level 2 : 0.0 -> \date [d=20,m=5,y=2024][year:cn-a,年,month:cn,day:cn,日,,weekday]
pages           > flushing realpage 141, userpage 141, subpage 141
structure       > sectioning > title @ level 2 : 0.0 -> \date [d=21,m=5,y=2024][year:cn-a,年,month:cn,day:cn,日,,weekday]
pages           > flushing realpage 142, userpage 142, subpage 142
structure       > sectioning > title @ level 2 : 0.0 -> \date [d=22,m=5,y=2024][year:cn-a,年,month:cn,day:cn,日,,weekday]
pages           > flushing realpage 143, userpage 143, subpage 143
structure       > sectioning > title @ level 2 : 0.0 -> \date [d=23,m=5,y=2024][year:cn-a,年,month:cn,day:cn,日,,weekday]
pages           > flushing realpage 144, userpage 144, subpage 144
structure       > sectioning > title @ level 2 : 0.0 -> \date [d=24,m=5,y=2024][year:cn-a,年,month:cn,day:cn,日,,weekday]
pages           > flushing realpage 145, userpage 145, subpage 145
structure       > sectioning > title @ level 2 : 0.0 -> \date [d=25,m=5,y=2024][year:cn-a,年,month:cn,day:cn,日,,weekday]
pages           > flushing realpage 146, userpage 146, subpage 146
structure       > sectioning > title @ level 2 : 0.0 -> \date [d=26,m=5,y=2024][year:cn-a,年,month:cn,day:cn,日,,weekday]
pages           > flushing realpage 147, userpage 147, subpage 147
structure       > sectioning > title @ level 2 : 0.0 -> \date [d=27,m=5,y=2024][year:cn-a,年,month:cn,day:cn,日,,weekday]
pages           > flushing realpage 148, userpage 148, subpage 148
structure       > sectioning > title @ level 2 : 0.0 -> \date [d=28,m=5,y=2024][year:cn-a,年,month:cn,day:cn,日,,weekday]
pages           > flushing realpage 149, userpage 149, subpage 149
structure       > sectioning > title @ level 2 : 0.0 -> \date [d=29,m=5,y=2024][year:cn-a,年,month:cn,day:cn,日,,weekday]
pages           > flushing realpage 150, userpage 150, subpage 150
structure       > sectioning > title @ level 2 : 0.0 -> \date [d=30,m=5,y=2024][year:cn-a,年,month:cn,day:cn,日,,weekday]
pages           > flushing realpage 151, userpage 151, subpage 151
structure       > sectioning > title @ level 2 : 0.0 -> \date [d=31,m=5,y=2024][year:cn-a,年,month:cn,day:cn,日,,weekday]
pages           > flushing realpage 152, userpage 152, subpage 152
structure       > sectioning > title @ level 2 : 0.0 -> \date [d=1,m=6,y=2024][year:cn-a,年,month:cn,day:cn,日,,weekday]
pages           > flushing realpage 153, userpage 153, subpage 153
structure       > sectioning > title @ level 2 : 0.0 -> \date [d=2,m=6,y=2024][year:cn-a,年,month:cn,day:cn,日,,weekday]
pages           > flushing realpage 154, userpage 154, subpage 154
structure       > sectioning > title @ level 2 : 0.0 -> \date [d=3,m=6,y=2024][year:cn-a,年,month:cn,day:cn,日,,weekday]
pages           > flushing realpage 155, userpage 155, subpage 155
structure       > sectioning > title @ level 2 : 0.0 -> \date [d=4,m=6,y=2024][year:cn-a,年,month:cn,day:cn,日,,weekday]
pages           > flushing realpage 156, userpage 156, subpage 156
structure       > sectioning > title @ level 2 : 0.0 -> \date [d=5,m=6,y=2024][year:cn-a,年,month:cn,day:cn,日,,weekday]
pages           > flushing realpage 157, userpage 157, subpage 157
structure       > sectioning > title @ level 2 : 0.0 -> \date [d=6,m=6,y=2024][year:cn-a,年,month:cn,day:cn,日,,weekday]
pages           > flushing realpage 158, userpage 158, subpage 158
structure       > sectioning > title @ level 2 : 0.0 -> \date [d=7,m=6,y=2024][year:cn-a,年,month:cn,day:cn,日,,weekday]
pages           > flushing realpage 159, userpage 159, subpage 159
structure       > sectioning > title @ level 2 : 0.0 -> \date [d=8,m=6,y=2024][year:cn-a,年,month:cn,day:cn,日,,weekday]
pages           > flushing realpage 160, userpage 160, subpage 160
structure       > sectioning > title @ level 2 : 0.0 -> \date [d=9,m=6,y=2024][year:cn-a,年,month:cn,day:cn,日,,weekday]
pages           > flushing realpage 161, userpage 161, subpage 161
structure       > sectioning > title @ level 2 : 0.0 -> \date [d=10,m=6,y=2024][year:cn-a,年,month:cn,day:cn,日,,weekday]
pages           > flushing realpage 162, userpage 162, subpage 162
structure       > sectioning > title @ level 2 : 0.0 -> \date [d=11,m=6,y=2024][year:cn-a,年,month:cn,day:cn,日,,weekday]
pages           > flushing realpage 163, userpage 163, subpage 163
structure       > sectioning > title @ level 2 : 0.0 -> \date [d=12,m=6,y=2024][year:cn-a,年,month:cn,day:cn,日,,weekday]
pages           > flushing realpage 164, userpage 164, subpage 164
structure       > sectioning > title @ level 2 : 0.0 -> \date [d=13,m=6,y=2024][year:cn-a,年,month:cn,day:cn,日,,weekday]
pages           > flushing realpage 165, userpage 165, subpage 165
structure       > sectioning > title @ level 2 : 0.0 -> \date [d=14,m=6,y=2024][year:cn-a,年,month:cn,day:cn,日,,weekday]
pages           > flushing realpage 166, userpage 166, subpage 166
structure       > sectioning > title @ level 2 : 0.0 -> \date [d=15,m=6,y=2024][year:cn-a,年,month:cn,day:cn,日,,weekday]
pages           > flushing realpage 167, userpage 167, subpage 167
structure       > sectioning > title @ level 2 : 0.0 -> \date [d=16,m=6,y=2024][year:cn-a,年,month:cn,day:cn,日,,weekday]
pages           > flushing realpage 168, userpage 168, subpage 168
structure       > sectioning > title @ level 2 : 0.0 -> \date [d=17,m=6,y=2024][year:cn-a,年,month:cn,day:cn,日,,weekday]
pages           > flushing realpage 169, userpage 169, subpage 169
structure       > sectioning > title @ level 2 : 0.0 -> \date [d=18,m=6,y=2024][year:cn-a,年,month:cn,day:cn,日,,weekday]
pages           > flushing realpage 170, userpage 170, subpage 170
structure       > sectioning > title @ level 2 : 0.0 -> \date [d=19,m=6,y=2024][year:cn-a,年,month:cn,day:cn,日,,weekday]
pages           > flushing realpage 171, userpage 171, subpage 171
structure       > sectioning > title @ level 2 : 0.0 -> \date [d=20,m=6,y=2024][year:cn-a,年,month:cn,day:cn,日,,weekday]
pages           > flushing realpage 172, userpage 172, subpage 172
structure       > sectioning > title @ level 2 : 0.0 -> \date [d=21,m=6,y=2024][year:cn-a,年,month:cn,day:cn,日,,weekday]
pages           > flushing realpage 173, userpage 173, subpage 173
structure       > sectioning > title @ level 2 : 0.0 -> \date [d=22,m=6,y=2024][year:cn-a,年,month:cn,day:cn,日,,weekday]
pages           > flushing realpage 174, userpage 174, subpage 174
structure       > sectioning > title @ level 2 : 0.0 -> \date [d=23,m=6,y=2024][year:cn-a,年,month:cn,day:cn,日,,weekday]
pages           > flushing realpage 175, userpage 175, subpage 175
structure       > sectioning > title @ level 2 : 0.0 -> \date [d=24,m=6,y=2024][year:cn-a,年,month:cn,day:cn,日,,weekday]
pages           > flushing realpage 176, userpage 176, subpage 176
structure       > sectioning > title @ level 2 : 0.0 -> \date [d=25,m=6,y=2024][year:cn-a,年,month:cn,day:cn,日,,weekday]
pages           > flushing realpage 177, userpage 177, subpage 177
structure       > sectioning > title @ level 2 : 0.0 -> \date [d=26,m=6,y=2024][year:cn-a,年,month:cn,day:cn,日,,weekday]
pages           > flushing realpage 178, userpage 178, subpage 178
structure       > sectioning > title @ level 2 : 0.0 -> \date [d=27,m=6,y=2024][year:cn-a,年,month:cn,day:cn,日,,weekday]
pages           > flushing realpage 179, userpage 179, subpage 179
structure       > sectioning > title @ level 2 : 0.0 -> \date [d=28,m=6,y=2024][year:cn-a,年,month:cn,day:cn,日,,weekday]
pages           > flushing realpage 180, userpage 180, subpage 180
structure       > sectioning > title @ level 2 : 0.0 -> \date [d=29,m=6,y=2024][year:cn-a,年,month:cn,day:cn,日,,weekday]
pages           > flushing realpage 181, userpage 181, subpage 181
structure       > sectioning > title @ level 2 : 0.0 -> \date [d=30,m=6,y=2024][year:cn-a,年,month:cn,day:cn,日,,weekday]
pages           > flushing realpage 182, userpage 182, subpage 182
structure       > sectioning > title @ level 2 : 0.0 -> \date [d=1,m=7,y=2024][year:cn-a,年,month:cn,day:cn,日,,weekday]
pages           > flushing realpage 183, userpage 183, subpage 183
structure       > sectioning > title @ level 2 : 0.0 -> \date [d=2,m=7,y=2024][year:cn-a,年,month:cn,day:cn,日,,weekday]
pages           > flushing realpage 184, userpage 184, subpage 184
structure       > sectioning > title @ level 2 : 0.0 -> \date [d=3,m=7,y=2024][year:cn-a,年,month:cn,day:cn,日,,weekday]
pages           > flushing realpage 185, userpage 185, subpage 185
structure       > sectioning > title @ level 2 : 0.0 -> \date [d=4,m=7,y=2024][year:cn-a,年,month:cn,day:cn,日,,weekday]
pages           > flushing realpage 186, userpage 186, subpage 186
structure       > sectioning > title @ level 2 : 0.0 -> \date [d=5,m=7,y=2024][year:cn-a,年,month:cn,day:cn,日,,weekday]
pages           > flushing realpage 187, userpage 187, subpage 187
structure       > sectioning > title @ level 2 : 0.0 -> \date [d=6,m=7,y=2024][year:cn-a,年,month:cn,day:cn,日,,weekday]
pages           > flushing realpage 188, userpage 188, subpage 188
structure       > sectioning > title @ level 2 : 0.0 -> \date [d=7,m=7,y=2024][year:cn-a,年,month:cn,day:cn,日,,weekday]
pages           > flushing realpage 189, userpage 189, subpage 189
structure       > sectioning > title @ level 2 : 0.0 -> \date [d=8,m=7,y=2024][year:cn-a,年,month:cn,day:cn,日,,weekday]
pages           > flushing realpage 190, userpage 190, subpage 190
structure       > sectioning > title @ level 2 : 0.0 -> \date [d=9,m=7,y=2024][year:cn-a,年,month:cn,day:cn,日,,weekday]
pages           > flushing realpage 191, userpage 191, subpage 191
structure       > sectioning > title @ level 2 : 0.0 -> \date [d=10,m=7,y=2024][year:cn-a,年,month:cn,day:cn,日,,weekday]
pages           > flushing realpage 192, userpage 192, subpage 192
structure       > sectioning > title @ level 2 : 0.0 -> \date [d=11,m=7,y=2024][year:cn-a,年,month:cn,day:cn,日,,weekday]
pages           > flushing realpage 193, userpage 193, subpage 193
structure       > sectioning > title @ level 2 : 0.0 -> \date [d=12,m=7,y=2024][year:cn-a,年,month:cn,day:cn,日,,weekday]
pages           > flushing realpage 194, userpage 194, subpage 194
structure       > sectioning > title @ level 2 : 0.0 -> \date [d=13,m=7,y=2024][year:cn-a,年,month:cn,day:cn,日,,weekday]
pages           > flushing realpage 195, userpage 195, subpage 195
structure       > sectioning > title @ level 2 : 0.0 -> \date [d=14,m=7,y=2024][year:cn-a,年,month:cn,day:cn,日,,weekday]
pages           > flushing realpage 196, userpage 196, subpage 196
structure       > sectioning > title @ level 2 : 0.0 -> \date [d=15,m=7,y=2024][year:cn-a,年,month:cn,day:cn,日,,weekday]
pages           > flushing realpage 197, userpage 197, subpage 197
structure       > sectioning > title @ level 2 : 0.0 -> \date [d=16,m=7,y=2024][year:cn-a,年,month:cn,day:cn,日,,weekday]
pages           > flushing realpage 198, userpage 198, subpage 198
structure       > sectioning > title @ level 2 : 0.0 -> \date [d=17,m=7,y=2024][year:cn-a,年,month:cn,day:cn,日,,weekday]
pages           > flushing realpage 199, userpage 199, subpage 199
structure       > sectioning > title @ level 2 : 0.0 -> \date [d=18,m=7,y=2024][year:cn-a,年,month:cn,day:cn,日,,weekday]
pages           > flushing realpage 200, userpage 200, subpage 200
structure       > sectioning > title @ level 2 : 0.0 -> \date [d=19,m=7,y=2024][year:cn-a,年,month:cn,day:cn,日,,weekday]
pages           > flushing realpage 201, userpage 201, subpage 201
structure       > sectioning > title @ level 2 : 0.0 -> \date [d=20,m=7,y=2024][year:cn-a,年,month:cn,day:cn,日,,weekday]
pages           > flushing realpage 202, userpage 202, subpage 202
structure       > sectioning > title @ level 2 : 0.0 -> \date [d=21,m=7,y=2024][year:cn-a,年,month:cn,day:cn,日,,weekday]
pages           > flushing realpage 203, userpage 203, subpage 203
structure       > sectioning > title @ level 2 : 0.0 -> \date [d=22,m=7,y=2024][year:cn-a,年,month:cn,day:cn,日,,weekday]
pages           > flushing realpage 204, userpage 204, subpage 204
structure       > sectioning > title @ level 2 : 0.0 -> \date [d=23,m=7,y=2024][year:cn-a,年,month:cn,day:cn,日,,weekday]
pages           > flushing realpage 205, userpage 205, subpage 205
structure       > sectioning > title @ level 2 : 0.0 -> \date [d=24,m=7,y=2024][year:cn-a,年,month:cn,day:cn,日,,weekday]
pages           > flushing realpage 206, userpage 206, subpage 206
structure       > sectioning > title @ level 2 : 0.0 -> \date [d=25,m=7,y=2024][year:cn-a,年,month:cn,day:cn,日,,weekday]
pages           > flushing realpage 207, userpage 207, subpage 207
structure       > sectioning > title @ level 2 : 0.0 -> \date [d=26,m=7,y=2024][year:cn-a,年,month:cn,day:cn,日,,weekday]
pages           > flushing realpage 208, userpage 208, subpage 208
structure       > sectioning > title @ level 2 : 0.0 -> \date [d=27,m=7,y=2024][year:cn-a,年,month:cn,day:cn,日,,weekday]
pages           > flushing realpage 209, userpage 209, subpage 209
structure       > sectioning > title @ level 2 : 0.0 -> \date [d=28,m=7,y=2024][year:cn-a,年,month:cn,day:cn,日,,weekday]
pages           > flushing realpage 210, userpage 210, subpage 210
structure       > sectioning > title @ level 2 : 0.0 -> \date [d=29,m=7,y=2024][year:cn-a,年,month:cn,day:cn,日,,weekday]
pages           > flushing realpage 211, userpage 211, subpage 211
structure       > sectioning > title @ level 2 : 0.0 -> \date [d=30,m=7,y=2024][year:cn-a,年,month:cn,day:cn,日,,weekday]
pages           > flushing realpage 212, userpage 212, subpage 212
structure       > sectioning > title @ level 2 : 0.0 -> \date [d=31,m=7,y=2024][year:cn-a,年,month:cn,day:cn,日,,weekday]
pages           > flushing realpage 213, userpage 213, subpage 213
structure       > sectioning > title @ level 2 : 0.0 -> \date [d=1,m=8,y=2024][year:cn-a,年,month:cn,day:cn,日,,weekday]
pages           > flushing realpage 214, userpage 214, subpage 214
structure       > sectioning > title @ level 2 : 0.0 -> \date [d=2,m=8,y=2024][year:cn-a,年,month:cn,day:cn,日,,weekday]
pages           > flushing realpage 215, userpage 215, subpage 215
structure       > sectioning > title @ level 2 : 0.0 -> \date [d=3,m=8,y=2024][year:cn-a,年,month:cn,day:cn,日,,weekday]
pages           > flushing realpage 216, userpage 216, subpage 216
structure       > sectioning > title @ level 2 : 0.0 -> \date [d=4,m=8,y=2024][year:cn-a,年,month:cn,day:cn,日,,weekday]
pages           > flushing realpage 217, userpage 217, subpage 217
structure       > sectioning > title @ level 2 : 0.0 -> \date [d=5,m=8,y=2024][year:cn-a,年,month:cn,day:cn,日,,weekday]
pages           > flushing realpage 218, userpage 218, subpage 218
structure       > sectioning > title @ level 2 : 0.0 -> \date [d=6,m=8,y=2024][year:cn-a,年,month:cn,day:cn,日,,weekday]
pages           > flushing realpage 219, userpage 219, subpage 219
structure       > sectioning > title @ level 2 : 0.0 -> \date [d=7,m=8,y=2024][year:cn-a,年,month:cn,day:cn,日,,weekday]
pages           > flushing realpage 220, userpage 220, subpage 220
structure       > sectioning > title @ level 2 : 0.0 -> \date [d=8,m=8,y=2024][year:cn-a,年,month:cn,day:cn,日,,weekday]
pages           > flushing realpage 221, userpage 221, subpage 221
structure       > sectioning > title @ level 2 : 0.0 -> \date [d=9,m=8,y=2024][year:cn-a,年,month:cn,day:cn,日,,weekday]
pages           > flushing realpage 222, userpage 222, subpage 222
structure       > sectioning > title @ level 2 : 0.0 -> \date [d=10,m=8,y=2024][year:cn-a,年,month:cn,day:cn,日,,weekday]
pages           > flushing realpage 223, userpage 223, subpage 223
structure       > sectioning > title @ level 2 : 0.0 -> \date [d=11,m=8,y=2024][year:cn-a,年,month:cn,day:cn,日,,weekday]
pages           > flushing realpage 224, userpage 224, subpage 224
structure       > sectioning > title @ level 2 : 0.0 -> \date [d=12,m=8,y=2024][year:cn-a,年,month:cn,day:cn,日,,weekday]
pages           > flushing realpage 225, userpage 225, subpage 225
structure       > sectioning > title @ level 2 : 0.0 -> \date [d=13,m=8,y=2024][year:cn-a,年,month:cn,day:cn,日,,weekday]
pages           > flushing realpage 226, userpage 226, subpage 226
structure       > sectioning > title @ level 2 : 0.0 -> \date [d=14,m=8,y=2024][year:cn-a,年,month:cn,day:cn,日,,weekday]
pages           > flushing realpage 227, userpage 227, subpage 227
structure       > sectioning > title @ level 2 : 0.0 -> \date [d=15,m=8,y=2024][year:cn-a,年,month:cn,day:cn,日,,weekday]
pages           > flushing realpage 228, userpage 228, subpage 228
structure       > sectioning > title @ level 2 : 0.0 -> \date [d=16,m=8,y=2024][year:cn-a,年,month:cn,day:cn,日,,weekday]
pages           > flushing realpage 229, userpage 229, subpage 229
structure       > sectioning > title @ level 2 : 0.0 -> \date [d=17,m=8,y=2024][year:cn-a,年,month:cn,day:cn,日,,weekday]
pages           > flushing realpage 230, userpage 230, subpage 230
structure       > sectioning > title @ level 2 : 0.0 -> \date [d=18,m=8,y=2024][year:cn-a,年,month:cn,day:cn,日,,weekday]
pages           > flushing realpage 231, userpage 231, subpage 231
structure       > sectioning > title @ level 2 : 0.0 -> \date [d=19,m=8,y=2024][year:cn-a,年,month:cn,day:cn,日,,weekday]
pages           > flushing realpage 232, userpage 232, subpage 232
structure       > sectioning > title @ level 2 : 0.0 -> \date [d=20,m=8,y=2024][year:cn-a,年,month:cn,day:cn,日,,weekday]
pages           > flushing realpage 233, userpage 233, subpage 233
structure       > sectioning > title @ level 2 : 0.0 -> \date [d=21,m=8,y=2024][year:cn-a,年,month:cn,day:cn,日,,weekday]
pages           > flushing realpage 234, userpage 234, subpage 234
structure       > sectioning > title @ level 2 : 0.0 -> \date [d=22,m=8,y=2024][year:cn-a,年,month:cn,day:cn,日,,weekday]
pages           > flushing realpage 235, userpage 235, subpage 235
structure       > sectioning > title @ level 2 : 0.0 -> \date [d=23,m=8,y=2024][year:cn-a,年,month:cn,day:cn,日,,weekday]
pages           > flushing realpage 236, userpage 236, subpage 236
structure       > sectioning > title @ level 2 : 0.0 -> \date [d=24,m=8,y=2024][year:cn-a,年,month:cn,day:cn,日,,weekday]
pages           > flushing realpage 237, userpage 237, subpage 237
structure       > sectioning > title @ level 2 : 0.0 -> \date [d=25,m=8,y=2024][year:cn-a,年,month:cn,day:cn,日,,weekday]
pages           > flushing realpage 238, userpage 238, subpage 238
structure       > sectioning > title @ level 2 : 0.0 -> \date [d=26,m=8,y=2024][year:cn-a,年,month:cn,day:cn,日,,weekday]
pages           > flushing realpage 239, userpage 239, subpage 239
structure       > sectioning > title @ level 2 : 0.0 -> \date [d=27,m=8,y=2024][year:cn-a,年,month:cn,day:cn,日,,weekday]
pages           > flushing realpage 240, userpage 240, subpage 240
structure       > sectioning > title @ level 2 : 0.0 -> \date [d=28,m=8,y=2024][year:cn-a,年,month:cn,day:cn,日,,weekday]
pages           > flushing realpage 241, userpage 241, subpage 241
structure       > sectioning > title @ level 2 : 0.0 -> \date [d=29,m=8,y=2024][year:cn-a,年,month:cn,day:cn,日,,weekday]
pages           > flushing realpage 242, userpage 242, subpage 242
structure       > sectioning > title @ level 2 : 0.0 -> \date [d=30,m=8,y=2024][year:cn-a,年,month:cn,day:cn,日,,weekday]
pages           > flushing realpage 243, userpage 243, subpage 243
structure       > sectioning > title @ level 2 : 0.0 -> \date [d=31,m=8,y=2024][year:cn-a,年,month:cn,day:cn,日,,weekday]
pages           > flushing realpage 244, userpage 244, subpage 244
structure       > sectioning > title @ level 2 : 0.0 -> \date [d=1,m=9,y=2024][year:cn-a,年,month:cn,day:cn,日,,weekday]
pages           > flushing realpage 245, userpage 245, subpage 245
structure       > sectioning > title @ level 2 : 0.0 -> \date [d=2,m=9,y=2024][year:cn-a,年,month:cn,day:cn,日,,weekday]
pages           > flushing realpage 246, userpage 246, subpage 246
structure       > sectioning > title @ level 2 : 0.0 -> \date [d=3,m=9,y=2024][year:cn-a,年,month:cn,day:cn,日,,weekday]
pages           > flushing realpage 247, userpage 247, subpage 247
structure       > sectioning > title @ level 2 : 0.0 -> \date [d=4,m=9,y=2024][year:cn-a,年,month:cn,day:cn,日,,weekday]
pages           > flushing realpage 248, userpage 248, subpage 248
structure       > sectioning > title @ level 2 : 0.0 -> \date [d=5,m=9,y=2024][year:cn-a,年,month:cn,day:cn,日,,weekday]
pages           > flushing realpage 249, userpage 249, subpage 249
structure       > sectioning > title @ level 2 : 0.0 -> \date [d=6,m=9,y=2024][year:cn-a,年,month:cn,day:cn,日,,weekday]
pages           > flushing realpage 250, userpage 250, subpage 250
structure       > sectioning > title @ level 2 : 0.0 -> \date [d=7,m=9,y=2024][year:cn-a,年,month:cn,day:cn,日,,weekday]
pages           > flushing realpage 251, userpage 251, subpage 251
structure       > sectioning > title @ level 2 : 0.0 -> \date [d=8,m=9,y=2024][year:cn-a,年,month:cn,day:cn,日,,weekday]
pages           > flushing realpage 252, userpage 252, subpage 252
structure       > sectioning > title @ level 2 : 0.0 -> \date [d=9,m=9,y=2024][year:cn-a,年,month:cn,day:cn,日,,weekday]
pages           > flushing realpage 253, userpage 253, subpage 253
structure       > sectioning > title @ level 2 : 0.0 -> \date [d=10,m=9,y=2024][year:cn-a,年,month:cn,day:cn,日,,weekday]
pages           > flushing realpage 254, userpage 254, subpage 254
structure       > sectioning > title @ level 2 : 0.0 -> \date [d=11,m=9,y=2024][year:cn-a,年,month:cn,day:cn,日,,weekday]
pages           > flushing realpage 255, userpage 255, subpage 255
structure       > sectioning > title @ level 2 : 0.0 -> \date [d=12,m=9,y=2024][year:cn-a,年,month:cn,day:cn,日,,weekday]
pages           > flushing realpage 256, userpage 256, subpage 256
structure       > sectioning > title @ level 2 : 0.0 -> \date [d=13,m=9,y=2024][year:cn-a,年,month:cn,day:cn,日,,weekday]
pages           > flushing realpage 257, userpage 257, subpage 257
structure       > sectioning > title @ level 2 : 0.0 -> \date [d=14,m=9,y=2024][year:cn-a,年,month:cn,day:cn,日,,weekday]
pages           > flushing realpage 258, userpage 258, subpage 258
structure       > sectioning > title @ level 2 : 0.0 -> \date [d=15,m=9,y=2024][year:cn-a,年,month:cn,day:cn,日,,weekday]
pages           > flushing realpage 259, userpage 259, subpage 259
structure       > sectioning > title @ level 2 : 0.0 -> \date [d=16,m=9,y=2024][year:cn-a,年,month:cn,day:cn,日,,weekday]
pages           > flushing realpage 260, userpage 260, subpage 260
structure       > sectioning > title @ level 2 : 0.0 -> \date [d=17,m=9,y=2024][year:cn-a,年,month:cn,day:cn,日,,weekday]
pages           > flushing realpage 261, userpage 261, subpage 261
structure       > sectioning > title @ level 2 : 0.0 -> \date [d=18,m=9,y=2024][year:cn-a,年,month:cn,day:cn,日,,weekday]
pages           > flushing realpage 262, userpage 262, subpage 262
structure       > sectioning > title @ level 2 : 0.0 -> \date [d=19,m=9,y=2024][year:cn-a,年,month:cn,day:cn,日,,weekday]
pages           > flushing realpage 263, userpage 263, subpage 263
structure       > sectioning > title @ level 2 : 0.0 -> \date [d=20,m=9,y=2024][year:cn-a,年,month:cn,day:cn,日,,weekday]
pages           > flushing realpage 264, userpage 264, subpage 264
structure       > sectioning > title @ level 2 : 0.0 -> \date [d=21,m=9,y=2024][year:cn-a,年,month:cn,day:cn,日,,weekday]
pages           > flushing realpage 265, userpage 265, subpage 265
structure       > sectioning > title @ level 2 : 0.0 -> \date [d=22,m=9,y=2024][year:cn-a,年,month:cn,day:cn,日,,weekday]
pages           > flushing realpage 266, userpage 266, subpage 266
structure       > sectioning > title @ level 2 : 0.0 -> \date [d=23,m=9,y=2024][year:cn-a,年,month:cn,day:cn,日,,weekday]
pages           > flushing realpage 267, userpage 267, subpage 267
structure       > sectioning > title @ level 2 : 0.0 -> \date [d=24,m=9,y=2024][year:cn-a,年,month:cn,day:cn,日,,weekday]
pages           > flushing realpage 268, userpage 268, subpage 268
structure       > sectioning > title @ level 2 : 0.0 -> \date [d=25,m=9,y=2024][year:cn-a,年,month:cn,day:cn,日,,weekday]
pages           > flushing realpage 269, userpage 269, subpage 269
structure       > sectioning > title @ level 2 : 0.0 -> \date [d=26,m=9,y=2024][year:cn-a,年,month:cn,day:cn,日,,weekday]
pages           > flushing realpage 270, userpage 270, subpage 270
structure       > sectioning > title @ level 2 : 0.0 -> \date [d=27,m=9,y=2024][year:cn-a,年,month:cn,day:cn,日,,weekday]
pages           > flushing realpage 271, userpage 271, subpage 271
structure       > sectioning > title @ level 2 : 0.0 -> \date [d=28,m=9,y=2024][year:cn-a,年,month:cn,day:cn,日,,weekday]
pages           > flushing realpage 272, userpage 272, subpage 272
structure       > sectioning > title @ level 2 : 0.0 -> \date [d=29,m=9,y=2024][year:cn-a,年,month:cn,day:cn,日,,weekday]
pages           > flushing realpage 273, userpage 273, subpage 273
structure       > sectioning > title @ level 2 : 0.0 -> \date [d=30,m=9,y=2024][year:cn-a,年,month:cn,day:cn,日,,weekday]
pages           > flushing realpage 274, userpage 274, subpage 274
structure       > sectioning > title @ level 2 : 0.0 -> \date [d=1,m=10,y=2024][year:cn-a,年,month:cn,day:cn,日,,weekday]
pages           > flushing realpage 275, userpage 275, subpage 275
structure       > sectioning > title @ level 2 : 0.0 -> \date [d=2,m=10,y=2024][year:cn-a,年,month:cn,day:cn,日,,weekday]
pages           > flushing realpage 276, userpage 276, subpage 276
structure       > sectioning > title @ level 2 : 0.0 -> \date [d=3,m=10,y=2024][year:cn-a,年,month:cn,day:cn,日,,weekday]
pages           > flushing realpage 277, userpage 277, subpage 277
structure       > sectioning > title @ level 2 : 0.0 -> \date [d=4,m=10,y=2024][year:cn-a,年,month:cn,day:cn,日,,weekday]
pages           > flushing realpage 278, userpage 278, subpage 278
structure       > sectioning > title @ level 2 : 0.0 -> \date [d=5,m=10,y=2024][year:cn-a,年,month:cn,day:cn,日,,weekday]
pages           > flushing realpage 279, userpage 279, subpage 279
structure       > sectioning > title @ level 2 : 0.0 -> \date [d=6,m=10,y=2024][year:cn-a,年,month:cn,day:cn,日,,weekday]
pages           > flushing realpage 280, userpage 280, subpage 280
structure       > sectioning > title @ level 2 : 0.0 -> \date [d=7,m=10,y=2024][year:cn-a,年,month:cn,day:cn,日,,weekday]
pages           > flushing realpage 281, userpage 281, subpage 281
structure       > sectioning > title @ level 2 : 0.0 -> \date [d=8,m=10,y=2024][year:cn-a,年,month:cn,day:cn,日,,weekday]
pages           > flushing realpage 282, userpage 282, subpage 282
structure       > sectioning > title @ level 2 : 0.0 -> \date [d=9,m=10,y=2024][year:cn-a,年,month:cn,day:cn,日,,weekday]
pages           > flushing realpage 283, userpage 283, subpage 283
structure       > sectioning > title @ level 2 : 0.0 -> \date [d=10,m=10,y=2024][year:cn-a,年,month:cn,day:cn,日,,weekday]
pages           > flushing realpage 284, userpage 284, subpage 284
structure       > sectioning > title @ level 2 : 0.0 -> \date [d=11,m=10,y=2024][year:cn-a,年,month:cn,day:cn,日,,weekday]
pages           > flushing realpage 285, userpage 285, subpage 285
structure       > sectioning > title @ level 2 : 0.0 -> \date [d=12,m=10,y=2024][year:cn-a,年,month:cn,day:cn,日,,weekday]
pages           > flushing realpage 286, userpage 286, subpage 286
structure       > sectioning > title @ level 2 : 0.0 -> \date [d=13,m=10,y=2024][year:cn-a,年,month:cn,day:cn,日,,weekday]
pages           > flushing realpage 287, userpage 287, subpage 287
structure       > sectioning > title @ level 2 : 0.0 -> \date [d=14,m=10,y=2024][year:cn-a,年,month:cn,day:cn,日,,weekday]
pages           > flushing realpage 288, userpage 288, subpage 288
structure       > sectioning > title @ level 2 : 0.0 -> \date [d=15,m=10,y=2024][year:cn-a,年,month:cn,day:cn,日,,weekday]
pages           > flushing realpage 289, userpage 289, subpage 289
structure       > sectioning > title @ level 2 : 0.0 -> \date [d=16,m=10,y=2024][year:cn-a,年,month:cn,day:cn,日,,weekday]
pages           > flushing realpage 290, userpage 290, subpage 290
structure       > sectioning > title @ level 2 : 0.0 -> \date [d=17,m=10,y=2024][year:cn-a,年,month:cn,day:cn,日,,weekday]
pages           > flushing realpage 291, userpage 291, subpage 291
structure       > sectioning > title @ level 2 : 0.0 -> \date [d=18,m=10,y=2024][year:cn-a,年,month:cn,day:cn,日,,weekday]
pages           > flushing realpage 292, userpage 292, subpage 292
structure       > sectioning > title @ level 2 : 0.0 -> \date [d=19,m=10,y=2024][year:cn-a,年,month:cn,day:cn,日,,weekday]
pages           > flushing realpage 293, userpage 293, subpage 293
structure       > sectioning > title @ level 2 : 0.0 -> \date [d=20,m=10,y=2024][year:cn-a,年,month:cn,day:cn,日,,weekday]
pages           > flushing realpage 294, userpage 294, subpage 294
structure       > sectioning > title @ level 2 : 0.0 -> \date [d=21,m=10,y=2024][year:cn-a,年,month:cn,day:cn,日,,weekday]
pages           > flushing realpage 295, userpage 295, subpage 295
structure       > sectioning > title @ level 2 : 0.0 -> \date [d=22,m=10,y=2024][year:cn-a,年,month:cn,day:cn,日,,weekday]
pages           > flushing realpage 296, userpage 296, subpage 296
structure       > sectioning > title @ level 2 : 0.0 -> \date [d=23,m=10,y=2024][year:cn-a,年,month:cn,day:cn,日,,weekday]
pages           > flushing realpage 297, userpage 297, subpage 297
structure       > sectioning > title @ level 2 : 0.0 -> \date [d=24,m=10,y=2024][year:cn-a,年,month:cn,day:cn,日,,weekday]
pages           > flushing realpage 298, userpage 298, subpage 298
structure       > sectioning > title @ level 2 : 0.0 -> \date [d=25,m=10,y=2024][year:cn-a,年,month:cn,day:cn,日,,weekday]
pages           > flushing realpage 299, userpage 299, subpage 299
structure       > sectioning > title @ level 2 : 0.0 -> \date [d=26,m=10,y=2024][year:cn-a,年,month:cn,day:cn,日,,weekday]
pages           > flushing realpage 300, userpage 300, subpage 300
structure       > sectioning > title @ level 2 : 0.0 -> \date [d=27,m=10,y=2024][year:cn-a,年,month:cn,day:cn,日,,weekday]
pages           > flushing realpage 301, userpage 301, subpage 301
structure       > sectioning > title @ level 2 : 0.0 -> \date [d=28,m=10,y=2024][year:cn-a,年,month:cn,day:cn,日,,weekday]
pages           > flushing realpage 302, userpage 302, subpage 302
structure       > sectioning > title @ level 2 : 0.0 -> \date [d=29,m=10,y=2024][year:cn-a,年,month:cn,day:cn,日,,weekday]
pages           > flushing realpage 303, userpage 303, subpage 303
structure       > sectioning > title @ level 2 : 0.0 -> \date [d=30,m=10,y=2024][year:cn-a,年,month:cn,day:cn,日,,weekday]
pages           > flushing realpage 304, userpage 304, subpage 304
structure       > sectioning > title @ level 2 : 0.0 -> \date [d=31,m=10,y=2024][year:cn-a,年,month:cn,day:cn,日,,weekday]
pages           > flushing realpage 305, userpage 305, subpage 305
structure       > sectioning > title @ level 2 : 0.0 -> \date [d=1,m=11,y=2024][year:cn-a,年,month:cn,day:cn,日,,weekday]
pages           > flushing realpage 306, userpage 306, subpage 306
structure       > sectioning > title @ level 2 : 0.0 -> \date [d=2,m=11,y=2024][year:cn-a,年,month:cn,day:cn,日,,weekday]
pages           > flushing realpage 307, userpage 307, subpage 307
structure       > sectioning > title @ level 2 : 0.0 -> \date [d=3,m=11,y=2024][year:cn-a,年,month:cn,day:cn,日,,weekday]
pages           > flushing realpage 308, userpage 308, subpage 308
structure       > sectioning > title @ level 2 : 0.0 -> \date [d=4,m=11,y=2024][year:cn-a,年,month:cn,day:cn,日,,weekday]
pages           > flushing realpage 309, userpage 309, subpage 309
structure       > sectioning > title @ level 2 : 0.0 -> \date [d=5,m=11,y=2024][year:cn-a,年,month:cn,day:cn,日,,weekday]
pages           > flushing realpage 310, userpage 310, subpage 310
structure       > sectioning > title @ level 2 : 0.0 -> \date [d=6,m=11,y=2024][year:cn-a,年,month:cn,day:cn,日,,weekday]
pages           > flushing realpage 311, userpage 311, subpage 311
structure       > sectioning > title @ level 2 : 0.0 -> \date [d=7,m=11,y=2024][year:cn-a,年,month:cn,day:cn,日,,weekday]
pages           > flushing realpage 312, userpage 312, subpage 312
structure       > sectioning > title @ level 2 : 0.0 -> \date [d=8,m=11,y=2024][year:cn-a,年,month:cn,day:cn,日,,weekday]
pages           > flushing realpage 313, userpage 313, subpage 313
structure       > sectioning > title @ level 2 : 0.0 -> \date [d=9,m=11,y=2024][year:cn-a,年,month:cn,day:cn,日,,weekday]
pages           > flushing realpage 314, userpage 314, subpage 314
structure       > sectioning > title @ level 2 : 0.0 -> \date [d=10,m=11,y=2024][year:cn-a,年,month:cn,day:cn,日,,weekday]
pages           > flushing realpage 315, userpage 315, subpage 315
structure       > sectioning > title @ level 2 : 0.0 -> \date [d=11,m=11,y=2024][year:cn-a,年,month:cn,day:cn,日,,weekday]
pages           > flushing realpage 316, userpage 316, subpage 316
structure       > sectioning > title @ level 2 : 0.0 -> \date [d=12,m=11,y=2024][year:cn-a,年,month:cn,day:cn,日,,weekday]
pages           > flushing realpage 317, userpage 317, subpage 317
structure       > sectioning > title @ level 2 : 0.0 -> \date [d=13,m=11,y=2024][year:cn-a,年,month:cn,day:cn,日,,weekday]
pages           > flushing realpage 318, userpage 318, subpage 318
structure       > sectioning > title @ level 2 : 0.0 -> \date [d=14,m=11,y=2024][year:cn-a,年,month:cn,day:cn,日,,weekday]
pages           > flushing realpage 319, userpage 319, subpage 319
structure       > sectioning > title @ level 2 : 0.0 -> \date [d=15,m=11,y=2024][year:cn-a,年,month:cn,day:cn,日,,weekday]
pages           > flushing realpage 320, userpage 320, subpage 320
structure       > sectioning > title @ level 2 : 0.0 -> \date [d=16,m=11,y=2024][year:cn-a,年,month:cn,day:cn,日,,weekday]
pages           > flushing realpage 321, userpage 321, subpage 321
structure       > sectioning > title @ level 2 : 0.0 -> \date [d=17,m=11,y=2024][year:cn-a,年,month:cn,day:cn,日,,weekday]
pages           > flushing realpage 322, userpage 322, subpage 322
structure       > sectioning > title @ level 2 : 0.0 -> \date [d=18,m=11,y=2024][year:cn-a,年,month:cn,day:cn,日,,weekday]
pages           > flushing realpage 323, userpage 323, subpage 323
structure       > sectioning > title @ level 2 : 0.0 -> \date [d=19,m=11,y=2024][year:cn-a,年,month:cn,day:cn,日,,weekday]
pages           > flushing realpage 324, userpage 324, subpage 324
structure       > sectioning > title @ level 2 : 0.0 -> \date [d=20,m=11,y=2024][year:cn-a,年,month:cn,day:cn,日,,weekday]
pages           > flushing realpage 325, userpage 325, subpage 325
structure       > sectioning > title @ level 2 : 0.0 -> \date [d=21,m=11,y=2024][year:cn-a,年,month:cn,day:cn,日,,weekday]
pages           > flushing realpage 326, userpage 326, subpage 326
structure       > sectioning > title @ level 2 : 0.0 -> \date [d=22,m=11,y=2024][year:cn-a,年,month:cn,day:cn,日,,weekday]
pages           > flushing realpage 327, userpage 327, subpage 327
structure       > sectioning > title @ level 2 : 0.0 -> \date [d=23,m=11,y=2024][year:cn-a,年,month:cn,day:cn,日,,weekday]
pages           > flushing realpage 328, userpage 328, subpage 328
structure       > sectioning > title @ level 2 : 0.0 -> \date [d=24,m=11,y=2024][year:cn-a,年,month:cn,day:cn,日,,weekday]
pages           > flushing realpage 329, userpage 329, subpage 329
structure       > sectioning > title @ level 2 : 0.0 -> \date [d=25,m=11,y=2024][year:cn-a,年,month:cn,day:cn,日,,weekday]
pages           > flushing realpage 330, userpage 330, subpage 330
structure       > sectioning > title @ level 2 : 0.0 -> \date [d=26,m=11,y=2024][year:cn-a,年,month:cn,day:cn,日,,weekday]
pages           > flushing realpage 331, userpage 331, subpage 331
structure       > sectioning > title @ level 2 : 0.0 -> \date [d=27,m=11,y=2024][year:cn-a,年,month:cn,day:cn,日,,weekday]
pages           > flushing realpage 332, userpage 332, subpage 332
structure       > sectioning > title @ level 2 : 0.0 -> \date [d=28,m=11,y=2024][year:cn-a,年,month:cn,day:cn,日,,weekday]
pages           > flushing realpage 333, userpage 333, subpage 333
structure       > sectioning > title @ level 2 : 0.0 -> \date [d=29,m=11,y=2024][year:cn-a,年,month:cn,day:cn,日,,weekday]
pages           > flushing realpage 334, userpage 334, subpage 334
structure       > sectioning > title @ level 2 : 0.0 -> \date [d=30,m=11,y=2024][year:cn-a,年,month:cn,day:cn,日,,weekday]
pages           > flushing realpage 335, userpage 335, subpage 335
structure       > sectioning > title @ level 2 : 0.0 -> \date [d=1,m=12,y=2024][year:cn-a,年,month:cn,day:cn,日,,weekday]
pages           > flushing realpage 336, userpage 336, subpage 336
structure       > sectioning > title @ level 2 : 0.0 -> \date [d=2,m=12,y=2024][year:cn-a,年,month:cn,day:cn,日,,weekday]
pages           > flushing realpage 337, userpage 337, subpage 337
structure       > sectioning > title @ level 2 : 0.0 -> \date [d=3,m=12,y=2024][year:cn-a,年,month:cn,day:cn,日,,weekday]
pages           > flushing realpage 338, userpage 338, subpage 338
structure       > sectioning > title @ level 2 : 0.0 -> \date [d=4,m=12,y=2024][year:cn-a,年,month:cn,day:cn,日,,weekday]
pages           > flushing realpage 339, userpage 339, subpage 339
structure       > sectioning > title @ level 2 : 0.0 -> \date [d=5,m=12,y=2024][year:cn-a,年,month:cn,day:cn,日,,weekday]
pages           > flushing realpage 340, userpage 340, subpage 340
structure       > sectioning > title @ level 2 : 0.0 -> \date [d=6,m=12,y=2024][year:cn-a,年,month:cn,day:cn,日,,weekday]
pages           > flushing realpage 341, userpage 341, subpage 341
structure       > sectioning > title @ level 2 : 0.0 -> \date [d=7,m=12,y=2024][year:cn-a,年,month:cn,day:cn,日,,weekday]
pages           > flushing realpage 342, userpage 342, subpage 342
structure       > sectioning > title @ level 2 : 0.0 -> \date [d=8,m=12,y=2024][year:cn-a,年,month:cn,day:cn,日,,weekday]
pages           > flushing realpage 343, userpage 343, subpage 343
structure       > sectioning > title @ level 2 : 0.0 -> \date [d=9,m=12,y=2024][year:cn-a,年,month:cn,day:cn,日,,weekday]
pages           > flushing realpage 344, userpage 344, subpage 344
structure       > sectioning > title @ level 2 : 0.0 -> \date [d=10,m=12,y=2024][year:cn-a,年,month:cn,day:cn,日,,weekday]
pages           > flushing realpage 345, userpage 345, subpage 345
structure       > sectioning > title @ level 2 : 0.0 -> \date [d=11,m=12,y=2024][year:cn-a,年,month:cn,day:cn,日,,weekday]
pages           > flushing realpage 346, userpage 346, subpage 346
structure       > sectioning > title @ level 2 : 0.0 -> \date [d=12,m=12,y=2024][year:cn-a,年,month:cn,day:cn,日,,weekday]
pages           > flushing realpage 347, userpage 347, subpage 347
structure       > sectioning > title @ level 2 : 0.0 -> \date [d=13,m=12,y=2024][year:cn-a,年,month:cn,day:cn,日,,weekday]
pages           > flushing realpage 348, userpage 348, subpage 348
structure       > sectioning > title @ level 2 : 0.0 -> \date [d=14,m=12,y=2024][year:cn-a,年,month:cn,day:cn,日,,weekday]
pages           > flushing realpage 349, userpage 349, subpage 349
structure       > sectioning > title @ level 2 : 0.0 -> \date [d=15,m=12,y=2024][year:cn-a,年,month:cn,day:cn,日,,weekday]
pages           > flushing realpage 350, userpage 350, subpage 350
structure       > sectioning > title @ level 2 : 0.0 -> \date [d=16,m=12,y=2024][year:cn-a,年,month:cn,day:cn,日,,weekday]
pages           > flushing realpage 351, userpage 351, subpage 351
structure       > sectioning > title @ level 2 : 0.0 -> \date [d=17,m=12,y=2024][year:cn-a,年,month:cn,day:cn,日,,weekday]
pages           > flushing realpage 352, userpage 352, subpage 352
structure       > sectioning > title @ level 2 : 0.0 -> \date [d=18,m=12,y=2024][year:cn-a,年,month:cn,day:cn,日,,weekday]
pages           > flushing realpage 353, userpage 353, subpage 353
structure       > sectioning > title @ level 2 : 0.0 -> \date [d=19,m=12,y=2024][year:cn-a,年,month:cn,day:cn,日,,weekday]
pages           > flushing realpage 354, userpage 354, subpage 354
structure       > sectioning > title @ level 2 : 0.0 -> \date [d=20,m=12,y=2024][year:cn-a,年,month:cn,day:cn,日,,weekday]
pages           > flushing realpage 355, userpage 355, subpage 355
structure       > sectioning > title @ level 2 : 0.0 -> \date [d=21,m=12,y=2024][year:cn-a,年,month:cn,day:cn,日,,weekday]
pages           > flushing realpage 356, userpage 356, subpage 356
structure       > sectioning > title @ level 2 : 0.0 -> \date [d=22,m=12,y=2024][year:cn-a,年,month:cn,day:cn,日,,weekday]
pages           > flushing realpage 357, userpage 357, subpage 357
structure       > sectioning > title @ level 2 : 0.0 -> \date [d=23,m=12,y=2024][year:cn-a,年,month:cn,day:cn,日,,weekday]
pages           > flushing realpage 358, userpage 358, subpage 358
structure       > sectioning > title @ level 2 : 0.0 -> \date [d=24,m=12,y=2024][year:cn-a,年,month:cn,day:cn,日,,weekday]
pages           > flushing realpage 359, userpage 359, subpage 359
structure       > sectioning > title @ level 2 : 0.0 -> \date [d=25,m=12,y=2024][year:cn-a,年,month:cn,day:cn,日,,weekday]
pages           > flushing realpage 360, userpage 360, subpage 360
structure       > sectioning > title @ level 2 : 0.0 -> \date [d=26,m=12,y=2024][year:cn-a,年,month:cn,day:cn,日,,weekday]
pages           > flushing realpage 361, userpage 361, subpage 361
structure       > sectioning > title @ level 2 : 0.0 -> \date [d=27,m=12,y=2024][year:cn-a,年,month:cn,day:cn,日,,weekday]
pages           > flushing realpage 362, userpage 362, subpage 362
structure       > sectioning > title @ level 2 : 0.0 -> \date [d=28,m=12,y=2024][year:cn-a,年,month:cn,day:cn,日,,weekday]
pages           > flushing realpage 363, userpage 363, subpage 363
structure       > sectioning > title @ level 2 : 0.0 -> \date [d=29,m=12,y=2024][year:cn-a,年,month:cn,day:cn,日,,weekday]
pages           > flushing realpage 364, userpage 364, subpage 364
structure       > sectioning > title @ level 2 : 0.0 -> \date [d=30,m=12,y=2024][year:cn-a,年,month:cn,day:cn,日,,weekday]
pages           > flushing realpage 365, userpage 365, subpage 365
structure       > sectioning > title @ level 2 : 0.0 -> \date [d=31,m=12,y=2024][year:cn-a,年,month:cn,day:cn,日,,weekday]
close source    > level 2, order 6, name 'days.tex'
pages           > flushing realpage 366, userpage 366, subpage 366
close source    > level 1, order 6, name './calendar.tex'
system          > start used files
system          > text: calendar
system          > stop used files
system          > start used files
system          >    1: filename=publ-imp-default.lua filetype=scripts foundname=/usr/local/texlive/2023basic/texmf-dist/tex/context/base/mkiv/publ-imp-default.lua fullname=/usr/local/texlive/2023basic/texmf-dist/tex/context/base/mkiv/publ-imp-default.lua usedmethod=database
system          >    2: filename=cont-new.mkxl filetype=tex foundname=/usr/local/texlive/2023basic/texmf-dist/tex/context/base/mkxl/cont-new.mkxl fullname=/usr/local/texlive/2023basic/texmf-dist/tex/context/base/mkxl/cont-new.mkxl usedmethod=database
system          >    3: filename=lang-exc.lua filetype=scripts foundname=/usr/local/texlive/2023basic/texmf-dist/tex/context/base/mkiv/lang-exc.lua fullname=/usr/local/texlive/2023basic/texmf-dist/tex/context/base/mkiv/lang-exc.lua usedmethod=database
system          >    4: filename=lang-us.lua filetype=scripts foundname=/usr/local/texlive/2023basic/texmf-dist/tex/context/patterns/mkiv/lang-us.lua fullname=/usr/local/texlive/2023basic/texmf-dist/tex/context/patterns/mkiv/lang-us.lua usedmethod=database
system          >    5: filename=/Users/i063815/Workspace/syhan/calendar/calendar.tex format=tex foundname=/Users/i063815/Workspace/syhan/calendar/calendar.tex fullname=/Users/i063815/Workspace/syhan/calendar/calendar.tex usedmethod=direct
system          >    6: filename=env.tex format=tex foundname=env.tex fullname=/Users/i063815/Workspace/syhan/calendar/env.tex usedmethod=direct
system          >    7: filename=t-zhfonts.mkiv format=tex foundname=t-zhfonts.mkiv fullname=/Users/i063815/Workspace/syhan/calendar/t-zhfonts.mkiv usedmethod=direct
system          >    8: filename=t-zhfonts.lua format=tex foundname=t-zhfonts.lua fullname=/Users/i063815/Workspace/syhan/calendar/t-zhfonts.lua usedmethod=direct
system          >    9: filename=t-zhspuncs.lua format=tex foundname=t-zhspuncs.lua fullname=/Users/i063815/Workspace/syhan/calendar/t-zhspuncs.lua usedmethod=direct
system          >   10: filename=t-vtypeset.mkiv format=tex foundname=t-vtypeset.mkiv fullname=/Users/i063815/Workspace/syhan/calendar/t-vtypeset.mkiv usedmethod=direct
system          >   11: filename=t-vtypeset.lua foundname=t-vtypeset.lua fullname=/Users/i063815/Workspace/syhan/calendar/t-vtypeset.lua usedmethod=direct
system          >   12: filename=t-zhfonts.template foundname=t-zhfonts.template fullname=/Users/i063815/Workspace/syhan/calendar/t-zhfonts.template usedmethod=direct
system          >   13: filename=lm.lfg filetype=tex foundname=/usr/local/texlive/2023basic/texmf-dist/tex/context/fonts/mkiv/lm.lfg fullname=/usr/local/texlive/2023basic/texmf-dist/tex/context/fonts/mkiv/lm.lfg usedmethod=database
system          >   14: filename=lmroman10-regular.otf filetype=otf format=otf foundname=/usr/local/texlive/2023basic/texmf-dist/fonts/opentype/public/lm/lmroman10-regular.otf fullname=/usr/local/texlive/2023basic/texmf-dist/fonts/opentype/public/lm/lmroman10-regular.otf usedmethod=database
system          >   15: filename=/Users/i063815/Library/Fonts/SourceHanSerifSC-VF.ttf format=ttf foundname=/Users/i063815/Library/Fonts/SourceHanSerifSC-VF.ttf fullname=/Users/i063815/Library/Fonts/SourceHanSerifSC-VF.ttf usedmethod=direct
system          >   16: filename=latinmodern-math.otf filetype=otf format=otf foundname=/usr/local/texlive/2023basic/texmf-dist/fonts/opentype/public/lm-math/latinmodern-math.otf fullname=/usr/local/texlive/2023basic/texmf-dist/fonts/opentype/public/lm-math/latinmodern-math.otf usedmethod=database
system          >   17: filename=modern-math.lfg filetype=tex foundname=/usr/local/texlive/2023basic/texmf-dist/tex/context/fonts/mkiv/modern-math.lfg fullname=/usr/local/texlive/2023basic/texmf-dist/tex/context/fonts/mkiv/modern-math.lfg usedmethod=database
system          >   18: filename=common-math.lfg filetype=tex foundname=/usr/local/texlive/2023basic/texmf-dist/tex/context/fonts/mkiv/common-math.lfg fullname=/usr/local/texlive/2023basic/texmf-dist/tex/context/fonts/mkiv/common-math.lfg usedmethod=database
system          >   19: filename=days.tex format=tex foundname=days.tex fullname=/Users/i063815/Workspace/syhan/calendar/days.tex usedmethod=direct
system          >   20: filename=lpdf-pdx.xml filetype=tex foundname=/usr/local/texlive/2023basic/texmf-dist/tex/context/base/mkiv/lpdf-pdx.xml fullname=/usr/local/texlive/2023basic/texmf-dist/tex/context/base/mkiv/lpdf-pdx.xml usedmethod=database
system          > stop used files
system          > start commandline options
system          > currentrun="2"
system          > fulljobname="./calendar.tex"
system          > input="./calendar.tex"
system          > kindofrun="2"
system          > maxnofruns="9"
system          > texmfbinpath="/Library/TeX/texbin"
system          > stop commandline options
system          > start commandline files
system          >    1: ./calendar.tex
system          > stop commandline files
modules         > start used modules
modules         > loaded : *-vtypeset
modules         > loaded : *-zhfonts
modules         > missing: *-zhpunc
modules         > stop used modules
system          > 
system          > status after finishing run
system          > 
system          >   -----------------------------------------------------------------------------------------------------------------------------------------------------------------------------------
system          >           string       pool       hash     lookup       node      token     buffer      input       file       nest  parameter       save       font   language       mark     insert
system          >   -----------------------------------------------------------------------------------------------------------------------------------------------------------------------------------
system          >   max    2097152  100000000    2097152    2097152  100000000   10000000  100000000     100000       2000      10000     100000     500000     100000      10000      10000        500
system          >   min     150000   10000000     150000     150000    2000000    1000000    1000000      10000        500       1000      20000     100000        250        250         50         10
system          >   set     500000   10000000     250000     250000   50000000   10000000   10000000     100000       2000      10000     100000     500000     100000        250        250        250
system          >   stp     100000    1000000     100000     100000     500000     250000    1000000      10000        250       1000      10000      10000        250        250         50         25
system          > 
system          >   mem     150000     957887     150000               2000000    1000000    1000000      10000        500       1000      20000      10000   27784648        144       1200        320
system          >   all    2400000     957887    2400000              18000000    8000000    1000000     320000      16000      72000      80000     160000   27784648        144      28800      10240
system          > 
system          >   ini    2145557     916743          0      48389          0     530774                                                                                       0                      
system          >   ptr      50177                 10058      50161               1106405          0          0          0          0          0          0         18          0          0          7
system          >   top      50178                806391     131074      30361     590492       1360         45          8         19         40        625        250        250         50         10
system          >   -----------------------------------------------------------------------------------------------------------------------------------------------------------------------------------
system          > 
system          >   current input type    : initial
system          > 
system          >   approximate memory    : 68906551 (65 MB)
system          > 
system          >   expansion depth       : min: 10000, max: 1000000, set: 10000, top: 9
system          > 
system          >   luabytecode registers : 1010
system          >   luabytecode bytes     : 16176 (0 MB)
system          >   luastate bytes now    : 291139952 (277 MB)
system          >   luastate bytes max    : 291139952 (277 MB)
system          > 
system          >   file callbacks        : 1445
system          >   saved callbacks       : 170555
system          >   direct callbacks      : 7
system          >   function callbacks    : 37275
system          >   value callbacks       : 367
system          >   message callbacks     : 0
system          >   bytecode callbacks    : 615
system          > 
system          >   mp instances          : 0
system          >   mp estimated memory   : 0 (0 MB)
system          >   mp file callbacks     : 0
system          >   mp text callbacks     : 0
system          >   mp script callbacks   : 0
system          >   mp log callbacks      : 0
system          > 
system          >   total callbacks       : 210264
system          >   mp total callbacks    : 0
system          >   backend callbacks     : 0
system          > 
mkiv lua stats  > used config file: selfautoparent:/texmf-dist/web2c/texmfcnf.lua
mkiv lua stats  > used cache path: readable+writable: '/Users/i063815/.texlive2023/texmf-var/luametatex-cache/context/1b4da46d1f340757f9984eae810b1464'
mkiv lua stats  > resource resolver: loadtime 0.019 seconds, 0 scans with scantime 0.000 seconds, 0 shared scans, 20 found files, scanned paths: <none>
mkiv lua stats  > stored bytecode data: 510 modules (0.348 sec), 105 tables (0.017 sec), 615 chunks (0.364 sec)
mkiv lua stats  > traced context: maxstack: 1700, freed: 2, unreachable: 1698
mkiv lua stats  > cleaned up reserved nodes: 73 nodes, 7 lists of 435
mkiv lua stats  > node memory usage: 1101 attribute, 365 glue, 484 gluespec, 3 kern, 645 mathspec, 2 penalty, 2 temp
mkiv lua stats  > node list callback tasks: 16 unique task lists, 10 instances (re)created, 56699 calls
mkiv lua stats  > h-node processing time: 0.078 seconds including kernel
mkiv lua stats  > attribute processing time: 0.035 seconds front- and backend
mkiv lua stats  > driver time: 0.584 seconds 
mkiv lua stats  > used backend: pdf
mkiv lua stats  > jobdata time: 0.052 seconds saving, 0.012 seconds loading
mkiv lua stats  > callbacks: file: 1445, saved: 170555, direct: 7, function: 37275, value: 367, message: 0, bytecode: 615, late 0, total: 210264 (574 per page)
mkiv lua stats  > randomizer: resumed with value 0.14442575337805
mkiv lua stats  > v-node processing time: 0.128 seconds 
mkiv lua stats  > loaded tex modules: 3 requested, 2 found (*-vtypeset *-zhfonts), 1 missing (*-zhpunc)
mkiv lua stats  > loaded patterns: cn::58 en::1, load time: 0.000
mkiv lua stats  > interactive elements: 0 references, 364 destinations
mkiv lua stats  > loaded fonts: 3 files: sourcehanserifsc-vf.ttf, latinmodern-math.otf, lmroman10-regular.otf
mkiv lua stats  > font engine: otf 3.133, afm 1.513, tfm 1.000, 18 instances, 13 shared in backend, 3 common vectors, 10 common hashes, load time 1.166 seconds 
mkiv lua stats  > math tweaking time: 0.147 seconds, 20 math goodie tables
mkiv lua stats  > font embedding time: 0.198 seconds, 2 fonts
mkiv lua stats  > result saved in file: calendar.pdf, compresslevel 1, objectcompresslevel 3
mkiv lua stats  > positions: 4 collected, 0 deltas, 0 shared partials, 0 partial entries
mkiv lua stats  > used platform: osx-64, type: unix, binary subtree: bin
mkiv lua stats  > used engine: luametatex version: 2.1008, functionality level: 20230426, format id: 689, compiler: gcc
mkiv lua stats  > tex properties: 806391 hash slots used of 2097152, 50161 control sequences, approximate memory usage: 65 MB
mkiv lua stats  > lua properties: engine: lua 5.4, used memory: 290 MB, ctx: 277 MB, max: 277 MB, symbol mask: utf (τεχ)
mkiv lua stats  > runtime: 5.634 seconds, 366 processed pages, 366 shipped pages, 64.959 pages/second
